3
plus-55-1-2-3-4-5-6-7-8-9
plus-10-10-10-10-10-10-10-10-10-10
play-99-100
acesrc-play-compiling
acesrc0-play-compiling
acesrc1-play-compiling
acesrc2-play-compiling
acesrc3-play-compiling
acesrc4-play-compiling
acesrc5-play-compiling
acesrc6-play-compiling
acesrc7-play-compiling
acesrc8-play-compiling
acesrc9-play-compiling
acesrc-play-0-0.0
acesrc-play-1-0.0
acesrc0-play-0-1.0
acesrc0-play-1-0.0
acesrc1-play-0-1.0
acesrc1-play-1-0.0
acesrc2-play-0-1.0
acesrc2-play-1-0.0
acesrc3-play-0-1.0
acesrc3-play-1-0.0
acesrc4-play-0-0.0
acesrc4-play-1-0.0
acesrc5-play-0-1.0
acesrc5-play-1-0.0
acesrc6-play-0-1.0
acesrc6-play-1-0.0
acesrc7-play-0-1.0
acesrc7-play-1-0.0
acesrc8-play-0-1.0
acesrc8-play-1-0.0
acesrc9-play-0-1.0
acesrc9-play-1-0.0
